'PROJECT_ROOT=/home/neuronet_team213/torch-condor-template'
Running 'run.sh' in conda env nnti
Thu Dec 14 22:16:54 2023       
+---------------------------------------------------------------------------------------+
| NVIDIA-SMI 545.23.08              Driver Version: 545.23.08    CUDA Version: 12.3     |
|-----------------------------------------+----------------------+----------------------+
| GPU  Name                 Persistence-M | Bus-Id        Disp.A | Volatile Uncorr. ECC |
| Fan  Temp   Perf          Pwr:Usage/Cap |         Memory-Usage | GPU-Util  Compute M. |
|                                         |                      |               MIG M. |
|=========================================+======================+======================|
|   0  Tesla P100-SXM2-16GB           On  | 00000000:04:00.0 Off |                    0 |
| N/A   32C    P0              31W / 300W |      2MiB / 16384MiB |      0%      Default |
|                                         |                      |                  N/A |
+-----------------------------------------+----------------------+----------------------+
|   1  Tesla P100-SXM2-16GB           On  | 00000000:05:00.0 Off |                    0 |
| N/A   29C    P0              31W / 300W |      2MiB / 16384MiB |      0%      Default |
|                                         |                      |                  N/A |
+-----------------------------------------+----------------------+----------------------+
|   2  Tesla P100-SXM2-16GB           On  | 00000000:09:00.0 Off |                    0 |
| N/A   31C    P0              29W / 300W |      2MiB / 16384MiB |      0%      Default |
|                                         |                      |                  N/A |
+-----------------------------------------+----------------------+----------------------+
|   3  Tesla P100-SXM2-16GB           On  | 00000000:0A:00.0 Off |                    0 |
| N/A   30C    P0              31W / 300W |      2MiB / 16384MiB |      0%      Default |
|                                         |                      |                  N/A |
+-----------------------------------------+----------------------+----------------------+
|   4  Tesla P100-SXM2-16GB           On  | 00000000:8C:00.0 Off |                    0 |
| N/A   29C    P0              31W / 300W |      2MiB / 16384MiB |      0%      Default |
|                                         |                      |                  N/A |
+-----------------------------------------+----------------------+----------------------+
|   5  Tesla P100-SXM2-16GB           On  | 00000000:8D:00.0 Off |                    0 |
| N/A   29C    P0              30W / 300W |      2MiB / 16384MiB |      0%      Default |
|                                         |                      |                  N/A |
+-----------------------------------------+----------------------+----------------------+
|   6  Tesla P100-SXM2-16GB           On  | 00000000:90:00.0 Off |                    0 |
| N/A   28C    P0              30W / 300W |      2MiB / 16384MiB |      0%      Default |
|                                         |                      |                  N/A |
+-----------------------------------------+----------------------+----------------------+
|   7  Tesla P100-SXM2-16GB           On  | 00000000:91:00.0 Off |                    0 |
| N/A   29C    P0              32W / 300W |      2MiB / 16384MiB |      0%      Default |
|                                         |                      |                  N/A |
+-----------------------------------------+----------------------+----------------------+
                                                                                         
+---------------------------------------------------------------------------------------+
| Processes:                                                                            |
|  GPU   GI   CI        PID   Type   Process name                            GPU Memory |
|        ID   ID                                                             Usage      |
|=======================================================================================|
|  No running processes found                                                           |
+---------------------------------------------------------------------------------------+
GPU-cca7fafe
neuronet_team213-35985.0-lofn.hpc.uni-saarland.de
/home/neuronet_team213/miniconda3/envs/nnti/bin/python
Package                   Version
------------------------- ------------
anyio                     4.1.0
argon2-cffi               23.1.0
argon2-cffi-bindings      21.2.0
arrow                     1.3.0
asttokens                 2.4.1
async-lru                 2.0.4
attrs                     23.1.0
Babel                     2.14.0
beautifulsoup4            4.12.2
bleach                    6.1.0
Brotli                    1.1.0
cached-property           1.5.2
certifi                   2023.11.17
cffi                      1.16.0
charset-normalizer        3.3.2
comm                      0.1.4
contourpy                 1.2.0
cycler                    0.12.1
debugpy                   1.8.0
decorator                 5.1.1
defusedxml                0.7.1
entrypoints               0.4
exceptiongroup            1.2.0
executing                 2.0.1
fastjsonschema            2.19.0
filelock                  3.13.1
fonttools                 4.46.0
fqdn                      1.5.1
gmpy2                     2.1.2
idna                      3.6
importlib-metadata        7.0.0
importlib-resources       6.1.1
ipykernel                 6.26.0
ipython                   8.18.1
isoduration               20.11.0
jedi                      0.19.1
Jinja2                    3.1.2
json5                     0.9.14
jsonpointer               2.4
jsonschema                4.20.0
jsonschema-specifications 2023.11.2
jupyter_client            8.6.0
jupyter_core              5.5.0
jupyter-events            0.9.0
jupyter-lsp               2.2.1
jupyter_server            2.12.1
jupyter_server_terminals  0.5.0
jupyterlab                4.0.9
jupyterlab_pygments       0.3.0
jupyterlab_server         2.25.2
kiwisolver                1.4.5
MarkupSafe                2.1.3
matplotlib                3.8.2
matplotlib-inline         0.1.6
mistune                   3.0.2
mpmath                    1.3.0
munkres                   1.1.4
nbclient                  0.8.0
nbconvert                 7.12.0
nbformat                  5.9.2
nest-asyncio              1.5.8
networkx                  3.2.1
notebook                  7.0.6
notebook_shim             0.2.3
numpy                     1.26.2
overrides                 7.4.0
packaging                 23.2
pandas                    2.1.4
pandocfilters             1.5.0
parso                     0.8.3
pexpect                   4.8.0
pickleshare               0.7.5
Pillow                    10.1.0
pip                       23.3.1
pkgutil_resolve_name      1.3.10
platformdirs              4.1.0
ply                       3.11
prometheus-client         0.19.0
prompt-toolkit            3.0.42
psutil                    5.9.5
ptyprocess                0.7.0
pure-eval                 0.2.2
pycparser                 2.21
Pygments                  2.17.2
pyparsing                 3.1.1
PyQt5                     5.15.9
PyQt5-sip                 12.12.2
PySocks                   1.7.1
python-dateutil           2.8.2
python-json-logger        2.0.7
pytz                      2023.3.post1
PyYAML                    6.0.1
pyzmq                     25.1.2
referencing               0.32.0
requests                  2.31.0
rfc3339-validator         0.1.4
rfc3986-validator         0.1.1
rpds-py                   0.13.2
Send2Trash                1.8.2
setuptools                68.2.2
sip                       6.7.12
six                       1.16.0
sniffio                   1.3.0
soupsieve                 2.5
stack-data                0.6.2
sympy                     1.12
terminado                 0.18.0
tinycss2                  1.2.1
toml                      0.10.2
tomli                     2.0.1
torch                     2.1.2
torchaudio                2.1.2
torchvision               0.16.2
tornado                   6.3.3
traitlets                 5.14.0
triton                    2.1.0
types-python-dateutil     2.8.19.14
typing_extensions         4.9.0
typing-utils              0.1.0
tzdata                    2023.3
uri-template              1.3.0
urllib3                   2.1.0
wcwidth                   0.2.12
webcolors                 1.13
webencodings              0.5.1
websocket-client          1.7.0
wheel                     0.42.0
zipp                      3.17.0
Downloading http://fashion-mnist.s3-website.eu-central-1.amazonaws.com/train-images-idx3-ubyte.gz
Downloading http://fashion-mnist.s3-website.eu-central-1.amazonaws.com/train-images-idx3-ubyte.gz to ./data/FashionMNIST/raw/train-images-idx3-ubyte.gz
Extracting ./data/FashionMNIST/raw/train-images-idx3-ubyte.gz to ./data/FashionMNIST/raw

Downloading http://fashion-mnist.s3-website.eu-central-1.amazonaws.com/train-labels-idx1-ubyte.gz
Downloading http://fashion-mnist.s3-website.eu-central-1.amazonaws.com/train-labels-idx1-ubyte.gz to ./data/FashionMNIST/raw/train-labels-idx1-ubyte.gz
Extracting ./data/FashionMNIST/raw/train-labels-idx1-ubyte.gz to ./data/FashionMNIST/raw

Downloading http://fashion-mnist.s3-website.eu-central-1.amazonaws.com/t10k-images-idx3-ubyte.gz
Downloading http://fashion-mnist.s3-website.eu-central-1.amazonaws.com/t10k-images-idx3-ubyte.gz to ./data/FashionMNIST/raw/t10k-images-idx3-ubyte.gz
Extracting ./data/FashionMNIST/raw/t10k-images-idx3-ubyte.gz to ./data/FashionMNIST/raw

Downloading http://fashion-mnist.s3-website.eu-central-1.amazonaws.com/t10k-labels-idx1-ubyte.gz
Downloading http://fashion-mnist.s3-website.eu-central-1.amazonaws.com/t10k-labels-idx1-ubyte.gz to ./data/FashionMNIST/raw/t10k-labels-idx1-ubyte.gz
Extracting ./data/FashionMNIST/raw/t10k-labels-idx1-ubyte.gz to ./data/FashionMNIST/raw

Accuracy on train set: 86.22%
Accuracy on validation set: 85.24%
Accuracy on test set: 84.37%

